  Program.cpp
c:\users\chris\documents\github\computergraphics\solar system\002\angel.h(63): warning C4305: 'initializing': truncation from 'double' to 'GLfloat'
c:\users\chris\documents\github\computergraphics\solar system\glut\include\gl\glut.h(227): warning C4005: 'GLUT_RGB': macro redefinition
  c:\users\chris\documents\github\computergraphics\solar system\include\gl\freeglut_std.h(168): note: see previous definition of 'GLUT_RGB'
c:\users\chris\documents\github\computergraphics\solar system\glut\include\gl\glut.h(228): warning C4005: 'GLUT_RGBA': macro redefinition
  c:\users\chris\documents\github\computergraphics\solar system\include\gl\freeglut_std.h(169): note: see previous definition of 'GLUT_RGBA'
c:\users\chris\documents\github\computergraphics\solar system\glut\include\gl\glut.h(229): warning C4005: 'GLUT_INDEX': macro redefinition
  c:\users\chris\documents\github\computergraphics\solar system\include\gl\freeglut_std.h(170): note: see previous definition of 'GLUT_INDEX'
c:\users\chris\documents\github\computergraphics\solar system\glut\include\gl\glut.h(230): warning C4005: 'GLUT_SINGLE': macro redefinition
  c:\users\chris\documents\github\computergraphics\solar system\include\gl\freeglut_std.h(171): note: see previous definition of 'GLUT_SINGLE'
c:\users\chris\documents\github\computergraphics\solar system\glut\include\gl\glut.h(231): warning C4005: 'GLUT_DOUBLE': macro redefinition
  c:\users\chris\documents\github\computergraphics\solar system\include\gl\freeglut_std.h(172): note: see previous definition of 'GLUT_DOUBLE'
c:\users\chris\documents\github\computergraphics\solar system\glut\include\gl\glut.h(232): warning C4005: 'GLUT_ACCUM': macro redefinition
  c:\users\chris\documents\github\computergraphics\solar system\include\gl\freeglut_std.h(173): note: see previous definition of 'GLUT_ACCUM'
c:\users\chris\documents\github\computergraphics\solar system\glut\include\gl\glut.h(233): warning C4005: 'GLUT_ALPHA': macro redefinition
  c:\users\chris\documents\github\computergraphics\solar system\include\gl\freeglut_std.h(174): note: see previous definition of 'GLUT_ALPHA'
c:\users\chris\documents\github\computergraphics\solar system\glut\include\gl\glut.h(234): warning C4005: 'GLUT_DEPTH': macro redefinition
  c:\users\chris\documents\github\computergraphics\solar system\include\gl\freeglut_std.h(175): note: see previous definition of 'GLUT_DEPTH'
c:\users\chris\documents\github\computergraphics\solar system\glut\include\gl\glut.h(235): warning C4005: 'GLUT_STENCIL': macro redefinition
  c:\users\chris\documents\github\computergraphics\solar system\include\gl\freeglut_std.h(176): note: see previous definition of 'GLUT_STENCIL'
c:\users\chris\documents\github\computergraphics\solar system\glut\include\gl\glut.h(237): warning C4005: 'GLUT_MULTISAMPLE': macro redefinition
  c:\users\chris\documents\github\computergraphics\solar system\include\gl\freeglut_std.h(177): note: see previous definition of 'GLUT_MULTISAMPLE'
c:\users\chris\documents\github\computergraphics\solar system\glut\include\gl\glut.h(238): warning C4005: 'GLUT_STEREO': macro redefinition
  c:\users\chris\documents\github\computergraphics\solar system\include\gl\freeglut_std.h(178): note: see previous definition of 'GLUT_STEREO'
c:\users\chris\documents\github\computergraphics\solar system\glut\include\gl\glut.h(241): warning C4005: 'GLUT_LUMINANCE': macro redefinition
  c:\users\chris\documents\github\computergraphics\solar system\include\gl\freeglut_std.h(179): note: see previous definition of 'GLUT_LUMINANCE'
c:\users\chris\documents\github\computergraphics\solar system\glut\include\gl\glut.h(245): warning C4005: 'GLUT_LEFT_BUTTON': macro redefinition
  c:\users\chris\documents\github\computergraphics\solar system\include\gl\freeglut_std.h(157): note: see previous definition of 'GLUT_LEFT_BUTTON'
c:\users\chris\documents\github\computergraphics\solar system\glut\include\gl\glut.h(246): warning C4005: 'GLUT_MIDDLE_BUTTON': macro redefinition
  c:\users\chris\documents\github\computergraphics\solar system\include\gl\freeglut_std.h(158): note: see previous definition of 'GLUT_MIDDLE_BUTTON'
c:\users\chris\documents\github\computergraphics\solar system\glut\include\gl\glut.h(247): warning C4005: 'GLUT_RIGHT_BUTTON': macro redefinition
  c:\users\chris\documents\github\computergraphics\solar system\include\gl\freeglut_std.h(159): note: see previous definition of 'GLUT_RIGHT_BUTTON'
c:\users\chris\documents\github\computergraphics\solar system\glut\include\gl\glut.h(250): warning C4005: 'GLUT_DOWN': macro redefinition
  c:\users\chris\documents\github\computergraphics\solar system\include\gl\freeglut_std.h(160): note: see previous definition of 'GLUT_DOWN'
c:\users\chris\documents\github\computergraphics\solar system\glut\include\gl\glut.h(251): warning C4005: 'GLUT_UP': macro redefinition
  c:\users\chris\documents\github\computergraphics\solar system\include\gl\freeglut_std.h(161): note: see previous definition of 'GLUT_UP'
c:\users\chris\documents\github\computergraphics\solar system\glut\include\gl\glut.h(255): warning C4005: 'GLUT_KEY_F1': macro redefinition
  c:\users\chris\documents\github\computergraphics\solar system\include\gl\freeglut_std.h(132): note: see previous definition of 'GLUT_KEY_F1'
c:\users\chris\documents\github\computergraphics\solar system\glut\include\gl\glut.h(256): warning C4005: 'GLUT_KEY_F2': macro redefinition
  c:\users\chris\documents\github\computergraphics\solar system\include\gl\freeglut_std.h(133): note: see previous definition of 'GLUT_KEY_F2'
c:\users\chris\documents\github\computergraphics\solar system\glut\include\gl\glut.h(257): warning C4005: 'GLUT_KEY_F3': macro redefinition
  c:\users\chris\documents\github\computergraphics\solar system\include\gl\freeglut_std.h(134): note: see previous definition of 'GLUT_KEY_F3'
c:\users\chris\documents\github\computergraphics\solar system\glut\include\gl\glut.h(258): warning C4005: 'GLUT_KEY_F4': macro redefinition
  c:\users\chris\documents\github\computergraphics\solar system\include\gl\freeglut_std.h(135): note: see previous definition of 'GLUT_KEY_F4'
c:\users\chris\documents\github\computergraphics\solar system\glut\include\gl\glut.h(259): warning C4005: 'GLUT_KEY_F5': macro redefinition
  c:\users\chris\documents\github\computergraphics\solar system\include\gl\freeglut_std.h(136): note: see previous definition of 'GLUT_KEY_F5'
c:\users\chris\documents\github\computergraphics\solar system\glut\include\gl\glut.h(260): warning C4005: 'GLUT_KEY_F6': macro redefinition
  c:\users\chris\documents\github\computergraphics\solar system\include\gl\freeglut_std.h(137): note: see previous definition of 'GLUT_KEY_F6'
c:\users\chris\documents\github\computergraphics\solar system\glut\include\gl\glut.h(261): warning C4005: 'GLUT_KEY_F7': macro redefinition
  c:\users\chris\documents\github\computergraphics\solar system\include\gl\freeglut_std.h(138): note: see previous definition of 'GLUT_KEY_F7'
c:\users\chris\documents\github\computergraphics\solar system\glut\include\gl\glut.h(262): warning C4005: 'GLUT_KEY_F8': macro redefinition
  c:\users\chris\documents\github\computergraphics\solar system\include\gl\freeglut_std.h(139): note: see previous definition of 'GLUT_KEY_F8'
c:\users\chris\documents\github\computergraphics\solar system\glut\include\gl\glut.h(263): warning C4005: 'GLUT_KEY_F9': macro redefinition
  c:\users\chris\documents\github\computergraphics\solar system\include\gl\freeglut_std.h(140): note: see previous definition of 'GLUT_KEY_F9'
c:\users\chris\documents\github\computergraphics\solar system\glut\include\gl\glut.h(264): warning C4005: 'GLUT_KEY_F10': macro redefinition
  c:\users\chris\documents\github\computergraphics\solar system\include\gl\freeglut_std.h(141): note: see previous definition of 'GLUT_KEY_F10'
c:\users\chris\documents\github\computergraphics\solar system\glut\include\gl\glut.h(265): warning C4005: 'GLUT_KEY_F11': macro redefinition
  c:\users\chris\documents\github\computergraphics\solar system\include\gl\freeglut_std.h(142): note: see previous definition of 'GLUT_KEY_F11'
c:\users\chris\documents\github\computergraphics\solar system\glut\include\gl\glut.h(266): warning C4005: 'GLUT_KEY_F12': macro redefinition
  c:\users\chris\documents\github\computergraphics\solar system\include\gl\freeglut_std.h(143): note: see previous definition of 'GLUT_KEY_F12'
c:\users\chris\documents\github\computergraphics\solar system\glut\include\gl\glut.h(268): warning C4005: 'GLUT_KEY_LEFT': macro redefinition
  c:\users\chris\documents\github\computergraphics\solar system\include\gl\freeglut_std.h(144): note: see previous definition of 'GLUT_KEY_LEFT'
c:\users\chris\documents\github\computergraphics\solar system\glut\include\gl\glut.h(269): warning C4005: 'GLUT_KEY_UP': macro redefinition
  c:\users\chris\documents\github\computergraphics\solar system\include\gl\freeglut_std.h(145): note: see previous definition of 'GLUT_KEY_UP'
c:\users\chris\documents\github\computergraphics\solar system\glut\include\gl\glut.h(270): warning C4005: 'GLUT_KEY_RIGHT': macro redefinition
  c:\users\chris\documents\github\computergraphics\solar system\include\gl\freeglut_std.h(146): note: see previous definition of 'GLUT_KEY_RIGHT'
c:\users\chris\documents\github\computergraphics\solar system\glut\include\gl\glut.h(271): warning C4005: 'GLUT_KEY_DOWN': macro redefinition
  c:\users\chris\documents\github\computergraphics\solar system\include\gl\freeglut_std.h(147): note: see previous definition of 'GLUT_KEY_DOWN'
c:\users\chris\documents\github\computergraphics\solar system\glut\include\gl\glut.h(272): warning C4005: 'GLUT_KEY_PAGE_UP': macro redefinition
  c:\users\chris\documents\github\computergraphics\solar system\include\gl\freeglut_std.h(148): note: see previous definition of 'GLUT_KEY_PAGE_UP'
c:\users\chris\documents\github\computergraphics\solar system\glut\include\gl\glut.h(273): warning C4005: 'GLUT_KEY_PAGE_DOWN': macro redefinition
  c:\users\chris\documents\github\computergraphics\solar system\include\gl\freeglut_std.h(149): note: see previous definition of 'GLUT_KEY_PAGE_DOWN'
c:\users\chris\documents\github\computergraphics\solar system\glut\include\gl\glut.h(274): warning C4005: 'GLUT_KEY_HOME': macro redefinition
  c:\users\chris\documents\github\computergraphics\solar system\include\gl\freeglut_std.h(150): note: see previous definition of 'GLUT_KEY_HOME'
c:\users\chris\documents\github\computergraphics\solar system\glut\include\gl\glut.h(275): warning C4005: 'GLUT_KEY_END': macro redefinition
  c:\users\chris\documents\github\computergraphics\solar system\include\gl\freeglut_std.h(151): note: see previous definition of 'GLUT_KEY_END'
c:\users\chris\documents\github\computergraphics\solar system\glut\include\gl\glut.h(276): warning C4005: 'GLUT_KEY_INSERT': macro redefinition
  c:\users\chris\documents\github\computergraphics\solar system\include\gl\freeglut_std.h(152): note: see previous definition of 'GLUT_KEY_INSERT'
c:\users\chris\documents\github\computergraphics\solar system\glut\include\gl\glut.h(280): warning C4005: 'GLUT_LEFT': macro redefinition
  c:\users\chris\documents\github\computergraphics\solar system\include\gl\freeglut_std.h(162): note: see previous definition of 'GLUT_LEFT'
c:\users\chris\documents\github\computergraphics\solar system\glut\include\gl\glut.h(281): warning C4005: 'GLUT_ENTERED': macro redefinition
  c:\users\chris\documents\github\computergraphics\solar system\include\gl\freeglut_std.h(163): note: see previous definition of 'GLUT_ENTERED'
c:\users\chris\documents\github\computergraphics\solar system\glut\include\gl\glut.h(284): warning C4005: 'GLUT_MENU_NOT_IN_USE': macro redefinition
  c:\users\chris\documents\github\computergraphics\solar system\include\gl\freeglut_std.h(184): note: see previous definition of 'GLUT_MENU_NOT_IN_USE'
c:\users\chris\documents\github\computergraphics\solar system\glut\include\gl\glut.h(285): warning C4005: 'GLUT_MENU_IN_USE': macro redefinition
  c:\users\chris\documents\github\computergraphics\solar system\include\gl\freeglut_std.h(185): note: see previous definition of 'GLUT_MENU_IN_USE'
c:\users\chris\documents\github\computergraphics\solar system\glut\include\gl\glut.h(288): warning C4005: 'GLUT_NOT_VISIBLE': macro redefinition
  c:\users\chris\documents\github\computergraphics\solar system\include\gl\freeglut_std.h(186): note: see previous definition of 'GLUT_NOT_VISIBLE'
c:\users\chris\documents\github\computergraphics\solar system\glut\include\gl\glut.h(289): warning C4005: 'GLUT_VISIBLE': macro redefinition
  c:\users\chris\documents\github\computergraphics\solar system\include\gl\freeglut_std.h(187): note: see previous definition of 'GLUT_VISIBLE'
c:\users\chris\documents\github\computergraphics\solar system\glut\include\gl\glut.h(292): warning C4005: 'GLUT_HIDDEN': macro redefinition
  c:\users\chris\documents\github\computergraphics\solar system\include\gl\freeglut_std.h(188): note: see previous definition of 'GLUT_HIDDEN'
c:\users\chris\documents\github\computergraphics\solar system\glut\include\gl\glut.h(293): warning C4005: 'GLUT_FULLY_RETAINED': macro redefinition
  c:\users\chris\documents\github\computergraphics\solar system\include\gl\freeglut_std.h(189): note: see previous definition of 'GLUT_FULLY_RETAINED'
c:\users\chris\documents\github\computergraphics\solar system\glut\include\gl\glut.h(294): warning C4005: 'GLUT_PARTIALLY_RETAINED': macro redefinition
  c:\users\chris\documents\github\computergraphics\solar system\include\gl\freeglut_std.h(190): note: see previous definition of 'GLUT_PARTIALLY_RETAINED'
c:\users\chris\documents\github\computergraphics\solar system\glut\include\gl\glut.h(295): warning C4005: 'GLUT_FULLY_COVERED': macro redefinition
  c:\users\chris\documents\github\computergraphics\solar system\include\gl\freeglut_std.h(191): note: see previous definition of 'GLUT_FULLY_COVERED'
c:\users\chris\documents\github\computergraphics\solar system\glut\include\gl\glut.h(298): warning C4005: 'GLUT_RED': macro redefinition
  c:\users\chris\documents\github\computergraphics\solar system\include\gl\freeglut_std.h(365): note: see previous definition of 'GLUT_RED'
c:\users\chris\documents\github\computergraphics\solar system\glut\include\gl\glut.h(299): warning C4005: 'GLUT_GREEN': macro redefinition
  c:\users\chris\documents\github\computergraphics\solar system\include\gl\freeglut_std.h(366): note: see previous definition of 'GLUT_GREEN'
c:\users\chris\documents\github\computergraphics\solar system\glut\include\gl\glut.h(300): warning C4005: 'GLUT_BLUE': macro redefinition
  c:\users\chris\documents\github\computergraphics\solar system\include\gl\freeglut_std.h(367): note: see previous definition of 'GLUT_BLUE'
c:\users\chris\documents\github\computergraphics\solar system\glut\include\gl\glut.h(304): warning C4005: 'GLUT_STROKE_ROMAN': macro redefinition
  c:\users\chris\documents\github\computergraphics\solar system\include\gl\freeglut_std.h(199): note: see previous definition of 'GLUT_STROKE_ROMAN'
c:\users\chris\documents\github\computergraphics\solar system\glut\include\gl\glut.h(305): warning C4005: 'GLUT_STROKE_MONO_ROMAN': macro redefinition
  c:\users\chris\documents\github\computergraphics\solar system\include\gl\freeglut_std.h(200): note: see previous definition of 'GLUT_STROKE_MONO_ROMAN'
c:\users\chris\documents\github\computergraphics\solar system\glut\include\gl\glut.h(308): warning C4005: 'GLUT_BITMAP_9_BY_15': macro redefinition
  c:\users\chris\documents\github\computergraphics\solar system\include\gl\freeglut_std.h(201): note: see previous definition of 'GLUT_BITMAP_9_BY_15'
c:\users\chris\documents\github\computergraphics\solar system\glut\include\gl\glut.h(309): warning C4005: 'GLUT_BITMAP_8_BY_13': macro redefinition
  c:\users\chris\documents\github\computergraphics\solar system\include\gl\freeglut_std.h(202): note: see previous definition of 'GLUT_BITMAP_8_BY_13'
c:\users\chris\documents\github\computergraphics\solar system\glut\include\gl\glut.h(310): warning C4005: 'GLUT_BITMAP_TIMES_ROMAN_10': macro redefinition
  c:\users\chris\documents\github\computergraphics\solar system\include\gl\freeglut_std.h(203): note: see previous definition of 'GLUT_BITMAP_TIMES_ROMAN_10'
c:\users\chris\documents\github\computergraphics\solar system\glut\include\gl\glut.h(311): warning C4005: 'GLUT_BITMAP_TIMES_ROMAN_24': macro redefinition
  c:\users\chris\documents\github\computergraphics\solar system\include\gl\freeglut_std.h(204): note: see previous definition of 'GLUT_BITMAP_TIMES_ROMAN_24'
c:\users\chris\documents\github\computergraphics\solar system\glut\include\gl\glut.h(313): warning C4005: 'GLUT_BITMAP_HELVETICA_10': macro redefinition
  c:\users\chris\documents\github\computergraphics\solar system\include\gl\freeglut_std.h(205): note: see previous definition of 'GLUT_BITMAP_HELVETICA_10'
c:\users\chris\documents\github\computergraphics\solar system\glut\include\gl\glut.h(314): warning C4005: 'GLUT_BITMAP_HELVETICA_12': macro redefinition
  c:\users\chris\documents\github\computergraphics\solar system\include\gl\freeglut_std.h(206): note: see previous definition of 'GLUT_BITMAP_HELVETICA_12'
c:\users\chris\documents\github\computergraphics\solar system\glut\include\gl\glut.h(315): warning C4005: 'GLUT_BITMAP_HELVETICA_18': macro redefinition
  c:\users\chris\documents\github\computergraphics\solar system\include\gl\freeglut_std.h(207): note: see previous definition of 'GLUT_BITMAP_HELVETICA_18'
c:\users\chris\documents\github\computergraphics\solar system\glut\include\gl\glut.h(348): warning C4005: 'GLUT_WINDOW_X': macro redefinition
  c:\users\chris\documents\github\computergraphics\solar system\include\gl\freeglut_std.h(239): note: see previous definition of 'GLUT_WINDOW_X'
c:\users\chris\documents\github\computergraphics\solar system\glut\include\gl\glut.h(349): warning C4005: 'GLUT_WINDOW_Y': macro redefinition
  c:\users\chris\documents\github\computergraphics\solar system\include\gl\freeglut_std.h(240): note: see previous definition of 'GLUT_WINDOW_Y'
c:\users\chris\documents\github\computergraphics\solar system\glut\include\gl\glut.h(350): warning C4005: 'GLUT_WINDOW_WIDTH': macro redefinition
  c:\users\chris\documents\github\computergraphics\solar system\include\gl\freeglut_std.h(241): note: see previous definition of 'GLUT_WINDOW_WIDTH'
c:\users\chris\documents\github\computergraphics\solar system\glut\include\gl\glut.h(351): warning C4005: 'GLUT_WINDOW_HEIGHT': macro redefinition
  c:\users\chris\documents\github\computergraphics\solar system\include\gl\freeglut_std.h(242): note: see previous definition of 'GLUT_WINDOW_HEIGHT'
c:\users\chris\documents\github\computergraphics\solar system\glut\include\gl\glut.h(352): warning C4005: 'GLUT_WINDOW_BUFFER_SIZE': macro redefinition
  c:\users\chris\documents\github\computergraphics\solar system\include\gl\freeglut_std.h(243): note: see previous definition of 'GLUT_WINDOW_BUFFER_SIZE'
c:\users\chris\documents\github\computergraphics\solar system\glut\include\gl\glut.h(353): warning C4005: 'GLUT_WINDOW_STENCIL_SIZE': macro redefinition
  c:\users\chris\documents\github\computergraphics\solar system\include\gl\freeglut_std.h(244): note: see previous definition of 'GLUT_WINDOW_STENCIL_SIZE'
c:\users\chris\documents\github\computergraphics\solar system\glut\include\gl\glut.h(354): warning C4005: 'GLUT_WINDOW_DEPTH_SIZE': macro redefinition
  c:\users\chris\documents\github\computergraphics\solar system\include\gl\freeglut_std.h(245): note: see previous definition of 'GLUT_WINDOW_DEPTH_SIZE'
c:\users\chris\documents\github\computergraphics\solar system\glut\include\gl\glut.h(355): warning C4005: 'GLUT_WINDOW_RED_SIZE': macro redefinition
  c:\users\chris\documents\github\computergraphics\solar system\include\gl\freeglut_std.h(246): note: see previous definition of 'GLUT_WINDOW_RED_SIZE'
c:\users\chris\documents\github\computergraphics\solar system\glut\include\gl\glut.h(356): warning C4005: 'GLUT_WINDOW_GREEN_SIZE': macro redefinition
  c:\users\chris\documents\github\computergraphics\solar system\include\gl\freeglut_std.h(247): note: see previous definition of 'GLUT_WINDOW_GREEN_SIZE'
c:\users\chris\documents\github\computergraphics\solar system\glut\include\gl\glut.h(357): warning C4005: 'GLUT_WINDOW_BLUE_SIZE': macro redefinition
  c:\users\chris\documents\github\computergraphics\solar system\include\gl\freeglut_std.h(248): note: see previous definition of 'GLUT_WINDOW_BLUE_SIZE'
c:\users\chris\documents\github\computergraphics\solar system\glut\include\gl\glut.h(358): warning C4005: 'GLUT_WINDOW_ALPHA_SIZE': macro redefinition
  c:\users\chris\documents\github\computergraphics\solar system\include\gl\freeglut_std.h(249): note: see previous definition of 'GLUT_WINDOW_ALPHA_SIZE'
c:\users\chris\documents\github\computergraphics\solar system\glut\include\gl\glut.h(359): warning C4005: 'GLUT_WINDOW_ACCUM_RED_SIZE': macro redefinition
  c:\users\chris\documents\github\computergraphics\solar system\include\gl\freeglut_std.h(250): note: see previous definition of 'GLUT_WINDOW_ACCUM_RED_SIZE'
c:\users\chris\documents\github\computergraphics\solar system\glut\include\gl\glut.h(360): warning C4005: 'GLUT_WINDOW_ACCUM_GREEN_SIZE': macro redefinition
  c:\users\chris\documents\github\computergraphics\solar system\include\gl\freeglut_std.h(251): note: see previous definition of 'GLUT_WINDOW_ACCUM_GREEN_SIZE'
c:\users\chris\documents\github\computergraphics\solar system\glut\include\gl\glut.h(361): warning C4005: 'GLUT_WINDOW_ACCUM_BLUE_SIZE': macro redefinition
  c:\users\chris\documents\github\computergraphics\solar system\include\gl\freeglut_std.h(252): note: see previous definition of 'GLUT_WINDOW_ACCUM_BLUE_SIZE'
c:\users\chris\documents\github\computergraphics\solar system\glut\include\gl\glut.h(362): warning C4005: 'GLUT_WINDOW_ACCUM_ALPHA_SIZE': macro redefinition
  c:\users\chris\documents\github\computergraphics\solar system\include\gl\freeglut_std.h(253): note: see previous definition of 'GLUT_WINDOW_ACCUM_ALPHA_SIZE'
c:\users\chris\documents\github\computergraphics\solar system\glut\include\gl\glut.h(363): warning C4005: 'GLUT_WINDOW_DOUBLEBUFFER': macro redefinition
  c:\users\chris\documents\github\computergraphics\solar system\include\gl\freeglut_std.h(254): note: see previous definition of 'GLUT_WINDOW_DOUBLEBUFFER'
c:\users\chris\documents\github\computergraphics\solar system\glut\include\gl\glut.h(364): warning C4005: 'GLUT_WINDOW_RGBA': macro redefinition
  c:\users\chris\documents\github\computergraphics\solar system\include\gl\freeglut_std.h(255): note: see previous definition of 'GLUT_WINDOW_RGBA'
c:\users\chris\documents\github\computergraphics\solar system\glut\include\gl\glut.h(365): warning C4005: 'GLUT_WINDOW_PARENT': macro redefinition
  c:\users\chris\documents\github\computergraphics\solar system\include\gl\freeglut_std.h(256): note: see previous definition of 'GLUT_WINDOW_PARENT'
c:\users\chris\documents\github\computergraphics\solar system\glut\include\gl\glut.h(366): warning C4005: 'GLUT_WINDOW_NUM_CHILDREN': macro redefinition
  c:\users\chris\documents\github\computergraphics\solar system\include\gl\freeglut_std.h(257): note: see previous definition of 'GLUT_WINDOW_NUM_CHILDREN'
c:\users\chris\documents\github\computergraphics\solar system\glut\include\gl\glut.h(367): warning C4005: 'GLUT_WINDOW_COLORMAP_SIZE': macro redefinition
  c:\users\chris\documents\github\computergraphics\solar system\include\gl\freeglut_std.h(258): note: see previous definition of 'GLUT_WINDOW_COLORMAP_SIZE'
c:\users\chris\documents\github\computergraphics\solar system\glut\include\gl\glut.h(369): warning C4005: 'GLUT_WINDOW_NUM_SAMPLES': macro redefinition
  c:\users\chris\documents\github\computergraphics\solar system\include\gl\freeglut_std.h(259): note: see previous definition of 'GLUT_WINDOW_NUM_SAMPLES'
c:\users\chris\documents\github\computergraphics\solar system\glut\include\gl\glut.h(370): warning C4005: 'GLUT_WINDOW_STEREO': macro redefinition
  c:\users\chris\documents\github\computergraphics\solar system\include\gl\freeglut_std.h(260): note: see previous definition of 'GLUT_WINDOW_STEREO'
c:\users\chris\documents\github\computergraphics\solar system\glut\include\gl\glut.h(373): warning C4005: 'GLUT_WINDOW_CURSOR': macro redefinition
  c:\users\chris\documents\github\computergraphics\solar system\include\gl\freeglut_std.h(261): note: see previous definition of 'GLUT_WINDOW_CURSOR'
c:\users\chris\documents\github\computergraphics\solar system\glut\include\gl\glut.h(375): warning C4005: 'GLUT_SCREEN_WIDTH': macro redefinition
  c:\users\chris\documents\github\computergraphics\solar system\include\gl\freeglut_std.h(263): note: see previous definition of 'GLUT_SCREEN_WIDTH'
c:\users\chris\documents\github\computergraphics\solar system\glut\include\gl\glut.h(376): warning C4005: 'GLUT_SCREEN_HEIGHT': macro redefinition
  c:\users\chris\documents\github\computergraphics\solar system\include\gl\freeglut_std.h(264): note: see previous definition of 'GLUT_SCREEN_HEIGHT'
c:\users\chris\documents\github\computergraphics\solar system\glut\include\gl\glut.h(377): warning C4005: 'GLUT_SCREEN_WIDTH_MM': macro redefinition
  c:\users\chris\documents\github\computergraphics\solar system\include\gl\freeglut_std.h(265): note: see previous definition of 'GLUT_SCREEN_WIDTH_MM'
c:\users\chris\documents\github\computergraphics\solar system\glut\include\gl\glut.h(378): warning C4005: 'GLUT_SCREEN_HEIGHT_MM': macro redefinition
  c:\users\chris\documents\github\computergraphics\solar system\include\gl\freeglut_std.h(266): note: see previous definition of 'GLUT_SCREEN_HEIGHT_MM'
c:\users\chris\documents\github\computergraphics\solar system\glut\include\gl\glut.h(379): warning C4005: 'GLUT_MENU_NUM_ITEMS': macro redefinition
  c:\users\chris\documents\github\computergraphics\solar system\include\gl\freeglut_std.h(267): note: see previous definition of 'GLUT_MENU_NUM_ITEMS'
c:\users\chris\documents\github\computergraphics\solar system\glut\include\gl\glut.h(380): warning C4005: 'GLUT_DISPLAY_MODE_POSSIBLE': macro redefinition
  c:\users\chris\documents\github\computergraphics\solar system\include\gl\freeglut_std.h(268): note: see previous definition of 'GLUT_DISPLAY_MODE_POSSIBLE'
c:\users\chris\documents\github\computergraphics\solar system\glut\include\gl\glut.h(381): warning C4005: 'GLUT_INIT_WINDOW_X': macro redefinition
  c:\users\chris\documents\github\computergraphics\solar system\include\gl\freeglut_std.h(269): note: see previous definition of 'GLUT_INIT_WINDOW_X'
c:\users\chris\documents\github\computergraphics\solar system\glut\include\gl\glut.h(382): warning C4005: 'GLUT_INIT_WINDOW_Y': macro redefinition
  c:\users\chris\documents\github\computergraphics\solar system\include\gl\freeglut_std.h(270): note: see previous definition of 'GLUT_INIT_WINDOW_Y'
c:\users\chris\documents\github\computergraphics\solar system\glut\include\gl\glut.h(383): warning C4005: 'GLUT_INIT_WINDOW_WIDTH': macro redefinition
  c:\users\chris\documents\github\computergraphics\solar system\include\gl\freeglut_std.h(271): note: see previous definition of 'GLUT_INIT_WINDOW_WIDTH'
c:\users\chris\documents\github\computergraphics\solar system\glut\include\gl\glut.h(384): warning C4005: 'GLUT_INIT_WINDOW_HEIGHT': macro redefinition
  c:\users\chris\documents\github\computergraphics\solar system\include\gl\freeglut_std.h(272): note: see previous definition of 'GLUT_INIT_WINDOW_HEIGHT'
c:\users\chris\documents\github\computergraphics\solar system\glut\include\gl\glut.h(385): warning C4005: 'GLUT_INIT_DISPLAY_MODE': macro redefinition
  c:\users\chris\documents\github\computergraphics\solar system\include\gl\freeglut_std.h(273): note: see previous definition of 'GLUT_INIT_DISPLAY_MODE'
c:\users\chris\documents\github\computergraphics\solar system\glut\include\gl\glut.h(387): warning C4005: 'GLUT_ELAPSED_TIME': macro redefinition
  c:\users\chris\documents\github\computergraphics\solar system\include\gl\freeglut_std.h(274): note: see previous definition of 'GLUT_ELAPSED_TIME'
c:\users\chris\documents\github\computergraphics\solar system\glut\include\gl\glut.h(390): warning C4005: 'GLUT_WINDOW_FORMAT_ID': macro redefinition
  c:\users\chris\documents\github\computergraphics\solar system\include\gl\freeglut_std.h(275): note: see previous definition of 'GLUT_WINDOW_FORMAT_ID'
c:\users\chris\documents\github\computergraphics\solar system\glut\include\gl\glut.h(395): warning C4005: 'GLUT_HAS_KEYBOARD': macro redefinition
  c:\users\chris\documents\github\computergraphics\solar system\include\gl\freeglut_std.h(280): note: see previous definition of 'GLUT_HAS_KEYBOARD'
c:\users\chris\documents\github\computergraphics\solar system\glut\include\gl\glut.h(396): warning C4005: 'GLUT_HAS_MOUSE': macro redefinition
  c:\users\chris\documents\github\computergraphics\solar system\include\gl\freeglut_std.h(281): note: see previous definition of 'GLUT_HAS_MOUSE'
c:\users\chris\documents\github\computergraphics\solar system\glut\include\gl\glut.h(397): warning C4005: 'GLUT_HAS_SPACEBALL': macro redefinition
  c:\users\chris\documents\github\computergraphics\solar system\include\gl\freeglut_std.h(282): note: see previous definition of 'GLUT_HAS_SPACEBALL'
c:\users\chris\documents\github\computergraphics\solar system\glut\include\gl\glut.h(398): warning C4005: 'GLUT_HAS_DIAL_AND_BUTTON_BOX': macro redefinition
  c:\users\chris\documents\github\computergraphics\solar system\include\gl\freeglut_std.h(283): note: see previous definition of 'GLUT_HAS_DIAL_AND_BUTTON_BOX'
c:\users\chris\documents\github\computergraphics\solar system\glut\include\gl\glut.h(399): warning C4005: 'GLUT_HAS_TABLET': macro redefinition
  c:\users\chris\documents\github\computergraphics\solar system\include\gl\freeglut_std.h(284): note: see previous definition of 'GLUT_HAS_TABLET'
c:\users\chris\documents\github\computergraphics\solar system\glut\include\gl\glut.h(400): warning C4005: 'GLUT_NUM_MOUSE_BUTTONS': macro redefinition
  c:\users\chris\documents\github\computergraphics\solar system\include\gl\freeglut_std.h(285): note: see previous definition of 'GLUT_NUM_MOUSE_BUTTONS'
c:\users\chris\documents\github\computergraphics\solar system\glut\include\gl\glut.h(401): warning C4005: 'GLUT_NUM_SPACEBALL_BUTTONS': macro redefinition
  c:\users\chris\documents\github\computergraphics\solar system\include\gl\freeglut_std.h(286): note: see previous definition of 'GLUT_NUM_SPACEBALL_BUTTONS'
c:\users\chris\documents\github\computergraphics\solar system\glut\include\gl\glut.h(402): warning C4005: 'GLUT_NUM_BUTTON_BOX_BUTTONS': macro redefinition
  c:\users\chris\documents\github\computergraphics\solar system\include\gl\freeglut_std.h(287): note: see previous definition of 'GLUT_NUM_BUTTON_BOX_BUTTONS'
c:\users\chris\documents\github\computergraphics\solar system\glut\include\gl\glut.h(403): warning C4005: 'GLUT_NUM_DIALS': macro redefinition
  c:\users\chris\documents\github\computergraphics\solar system\include\gl\freeglut_std.h(288): note: see previous definition of 'GLUT_NUM_DIALS'
c:\users\chris\documents\github\computergraphics\solar system\glut\include\gl\glut.h(404): warning C4005: 'GLUT_NUM_TABLET_BUTTONS': macro redefinition
  c:\users\chris\documents\github\computergraphics\solar system\include\gl\freeglut_std.h(289): note: see previous definition of 'GLUT_NUM_TABLET_BUTTONS'
c:\users\chris\documents\github\computergraphics\solar system\glut\include\gl\glut.h(407): warning C4005: 'GLUT_DEVICE_IGNORE_KEY_REPEAT': macro redefinition
  c:\users\chris\documents\github\computergraphics\solar system\include\gl\freeglut_std.h(290): note: see previous definition of 'GLUT_DEVICE_IGNORE_KEY_REPEAT'
c:\users\chris\documents\github\computergraphics\solar system\glut\include\gl\glut.h(408): warning C4005: 'GLUT_DEVICE_KEY_REPEAT': macro redefinition
  c:\users\chris\documents\github\computergraphics\solar system\include\gl\freeglut_std.h(291): note: see previous definition of 'GLUT_DEVICE_KEY_REPEAT'
c:\users\chris\documents\github\computergraphics\solar system\glut\include\gl\glut.h(409): warning C4005: 'GLUT_HAS_JOYSTICK': macro redefinition
  c:\users\chris\documents\github\computergraphics\solar system\include\gl\freeglut_std.h(292): note: see previous definition of 'GLUT_HAS_JOYSTICK'
c:\users\chris\documents\github\computergraphics\solar system\glut\include\gl\glut.h(410): warning C4005: 'GLUT_OWNS_JOYSTICK': macro redefinition
  c:\users\chris\documents\github\computergraphics\solar system\include\gl\freeglut_std.h(293): note: see previous definition of 'GLUT_OWNS_JOYSTICK'
c:\users\chris\documents\github\computergraphics\solar system\glut\include\gl\glut.h(411): warning C4005: 'GLUT_JOYSTICK_BUTTONS': macro redefinition
  c:\users\chris\documents\github\computergraphics\solar system\include\gl\freeglut_std.h(294): note: see previous definition of 'GLUT_JOYSTICK_BUTTONS'
c:\users\chris\documents\github\computergraphics\solar system\glut\include\gl\glut.h(412): warning C4005: 'GLUT_JOYSTICK_AXES': macro redefinition
  c:\users\chris\documents\github\computergraphics\solar system\include\gl\freeglut_std.h(295): note: see previous definition of 'GLUT_JOYSTICK_AXES'
c:\users\chris\documents\github\computergraphics\solar system\glut\include\gl\glut.h(413): warning C4005: 'GLUT_JOYSTICK_POLL_RATE': macro redefinition
  c:\users\chris\documents\github\computergraphics\solar system\include\gl\freeglut_std.h(296): note: see previous definition of 'GLUT_JOYSTICK_POLL_RATE'
c:\users\chris\documents\github\computergraphics\solar system\glut\include\gl\glut.h(418): warning C4005: 'GLUT_OVERLAY_POSSIBLE': macro redefinition
  c:\users\chris\documents\github\computergraphics\solar system\include\gl\freeglut_std.h(301): note: see previous definition of 'GLUT_OVERLAY_POSSIBLE'
c:\users\chris\documents\github\computergraphics\solar system\glut\include\gl\glut.h(419): warning C4005: 'GLUT_LAYER_IN_USE': macro redefinition
  c:\users\chris\documents\github\computergraphics\solar system\include\gl\freeglut_std.h(302): note: see previous definition of 'GLUT_LAYER_IN_USE'
c:\users\chris\documents\github\computergraphics\solar system\glut\include\gl\glut.h(420): warning C4005: 'GLUT_HAS_OVERLAY': macro redefinition
  c:\users\chris\documents\github\computergraphics\solar system\include\gl\freeglut_std.h(303): note: see previous definition of 'GLUT_HAS_OVERLAY'
c:\users\chris\documents\github\computergraphics\solar system\glut\include\gl\glut.h(421): warning C4005: 'GLUT_TRANSPARENT_INDEX': macro redefinition
  c:\users\chris\documents\github\computergraphics\solar system\include\gl\freeglut_std.h(304): note: see previous definition of 'GLUT_TRANSPARENT_INDEX'
c:\users\chris\documents\github\computergraphics\solar system\glut\include\gl\glut.h(422): warning C4005: 'GLUT_NORMAL_DAMAGED': macro redefinition
  c:\users\chris\documents\github\computergraphics\solar system\include\gl\freeglut_std.h(305): note: see previous definition of 'GLUT_NORMAL_DAMAGED'
c:\users\chris\documents\github\computergraphics\solar system\glut\include\gl\glut.h(423): warning C4005: 'GLUT_OVERLAY_DAMAGED': macro redefinition
  c:\users\chris\documents\github\computergraphics\solar system\include\gl\freeglut_std.h(306): note: see previous definition of 'GLUT_OVERLAY_DAMAGED'
c:\users\chris\documents\github\computergraphics\solar system\glut\include\gl\glut.h(427): warning C4005: 'GLUT_VIDEO_RESIZE_POSSIBLE': macro redefinition
  c:\users\chris\documents\github\computergraphics\solar system\include\gl\freeglut_std.h(311): note: see previous definition of 'GLUT_VIDEO_RESIZE_POSSIBLE'
c:\users\chris\documents\github\computergraphics\solar system\glut\include\gl\glut.h(428): warning C4005: 'GLUT_VIDEO_RESIZE_IN_USE': macro redefinition
  c:\users\chris\documents\github\computergraphics\solar system\include\gl\freeglut_std.h(312): note: see previous definition of 'GLUT_VIDEO_RESIZE_IN_USE'
c:\users\chris\documents\github\computergraphics\solar system\glut\include\gl\glut.h(429): warning C4005: 'GLUT_VIDEO_RESIZE_X_DELTA': macro redefinition
  c:\users\chris\documents\github\computergraphics\solar system\include\gl\freeglut_std.h(313): note: see previous definition of 'GLUT_VIDEO_RESIZE_X_DELTA'
c:\users\chris\documents\github\computergraphics\solar system\glut\include\gl\glut.h(430): warning C4005: 'GLUT_VIDEO_RESIZE_Y_DELTA': macro redefinition
  c:\users\chris\documents\github\computergraphics\solar system\include\gl\freeglut_std.h(314): note: see previous definition of 'GLUT_VIDEO_RESIZE_Y_DELTA'
c:\users\chris\documents\github\computergraphics\solar system\glut\include\gl\glut.h(431): warning C4005: 'GLUT_VIDEO_RESIZE_WIDTH_DELTA': macro redefinition
  c:\users\chris\documents\github\computergraphics\solar system\include\gl\freeglut_std.h(315): note: see previous definition of 'GLUT_VIDEO_RESIZE_WIDTH_DELTA'
c:\users\chris\documents\github\computergraphics\solar system\glut\include\gl\glut.h(432): warning C4005: 'GLUT_VIDEO_RESIZE_HEIGHT_DELTA': macro redefinition
  c:\users\chris\documents\github\computergraphics\solar system\include\gl\freeglut_std.h(316): note: see previous definition of 'GLUT_VIDEO_RESIZE_HEIGHT_DELTA'
c:\users\chris\documents\github\computergraphics\solar system\glut\include\gl\glut.h(433): warning C4005: 'GLUT_VIDEO_RESIZE_X': macro redefinition
  c:\users\chris\documents\github\computergraphics\solar system\include\gl\freeglut_std.h(317): note: see previous definition of 'GLUT_VIDEO_RESIZE_X'
c:\users\chris\documents\github\computergraphics\solar system\glut\include\gl\glut.h(434): warning C4005: 'GLUT_VIDEO_RESIZE_Y': macro redefinition
  c:\users\chris\documents\github\computergraphics\solar system\include\gl\freeglut_std.h(318): note: see previous definition of 'GLUT_VIDEO_RESIZE_Y'
c:\users\chris\documents\github\computergraphics\solar system\glut\include\gl\glut.h(435): warning C4005: 'GLUT_VIDEO_RESIZE_WIDTH': macro redefinition
  c:\users\chris\documents\github\computergraphics\solar system\include\gl\freeglut_std.h(319): note: see previous definition of 'GLUT_VIDEO_RESIZE_WIDTH'
c:\users\chris\documents\github\computergraphics\solar system\glut\include\gl\glut.h(436): warning C4005: 'GLUT_VIDEO_RESIZE_HEIGHT': macro redefinition
  c:\users\chris\documents\github\computergraphics\solar system\include\gl\freeglut_std.h(320): note: see previous definition of 'GLUT_VIDEO_RESIZE_HEIGHT'
c:\users\chris\documents\github\computergraphics\solar system\glut\include\gl\glut.h(440): warning C4005: 'GLUT_NORMAL': macro redefinition
  c:\users\chris\documents\github\computergraphics\solar system\include\gl\freeglut_std.h(325): note: see previous definition of 'GLUT_NORMAL'
c:\users\chris\documents\github\computergraphics\solar system\glut\include\gl\glut.h(441): warning C4005: 'GLUT_OVERLAY': macro redefinition
  c:\users\chris\documents\github\computergraphics\solar system\include\gl\freeglut_std.h(326): note: see previous definition of 'GLUT_OVERLAY'
c:\users\chris\documents\github\computergraphics\solar system\glut\include\gl\glut.h(444): warning C4005: 'GLUT_ACTIVE_SHIFT': macro redefinition
  c:\users\chris\documents\github\computergraphics\solar system\include\gl\freeglut_std.h(331): note: see previous definition of 'GLUT_ACTIVE_SHIFT'
c:\users\chris\documents\github\computergraphics\solar system\glut\include\gl\glut.h(445): warning C4005: 'GLUT_ACTIVE_CTRL': macro redefinition
  c:\users\chris\documents\github\computergraphics\solar system\include\gl\freeglut_std.h(332): note: see previous definition of 'GLUT_ACTIVE_CTRL'
c:\users\chris\documents\github\computergraphics\solar system\glut\include\gl\glut.h(446): warning C4005: 'GLUT_ACTIVE_ALT': macro redefinition
  c:\users\chris\documents\github\computergraphics\solar system\include\gl\freeglut_std.h(333): note: see previous definition of 'GLUT_ACTIVE_ALT'
c:\users\chris\documents\github\computergraphics\solar system\glut\include\gl\glut.h(450): warning C4005: 'GLUT_CURSOR_RIGHT_ARROW': macro redefinition
  c:\users\chris\documents\github\computergraphics\solar system\include\gl\freeglut_std.h(338): note: see previous definition of 'GLUT_CURSOR_RIGHT_ARROW'
c:\users\chris\documents\github\computergraphics\solar system\glut\include\gl\glut.h(451): warning C4005: 'GLUT_CURSOR_LEFT_ARROW': macro redefinition
  c:\users\chris\documents\github\computergraphics\solar system\include\gl\freeglut_std.h(339): note: see previous definition of 'GLUT_CURSOR_LEFT_ARROW'
c:\users\chris\documents\github\computergraphics\solar system\glut\include\gl\glut.h(453): warning C4005: 'GLUT_CURSOR_INFO': macro redefinition
  c:\users\chris\documents\github\computergraphics\solar system\include\gl\freeglut_std.h(340): note: see previous definition of 'GLUT_CURSOR_INFO'
c:\users\chris\documents\github\computergraphics\solar system\glut\include\gl\glut.h(454): warning C4005: 'GLUT_CURSOR_DESTROY': macro redefinition
  c:\users\chris\documents\github\computergraphics\solar system\include\gl\freeglut_std.h(341): note: see previous definition of 'GLUT_CURSOR_DESTROY'
c:\users\chris\documents\github\computergraphics\solar system\glut\include\gl\glut.h(455): warning C4005: 'GLUT_CURSOR_HELP': macro redefinition
  c:\users\chris\documents\github\computergraphics\solar system\include\gl\freeglut_std.h(342): note: see previous definition of 'GLUT_CURSOR_HELP'
c:\users\chris\documents\github\computergraphics\solar system\glut\include\gl\glut.h(456): warning C4005: 'GLUT_CURSOR_CYCLE': macro redefinition
  c:\users\chris\documents\github\computergraphics\solar system\include\gl\freeglut_std.h(343): note: see previous definition of 'GLUT_CURSOR_CYCLE'
c:\users\chris\documents\github\computergraphics\solar system\glut\include\gl\glut.h(457): warning C4005: 'GLUT_CURSOR_SPRAY': macro redefinition
  c:\users\chris\documents\github\computergraphics\solar system\include\gl\freeglut_std.h(344): note: see previous definition of 'GLUT_CURSOR_SPRAY'
c:\users\chris\documents\github\computergraphics\solar system\glut\include\gl\glut.h(458): warning C4005: 'GLUT_CURSOR_WAIT': macro redefinition
  c:\users\chris\documents\github\computergraphics\solar system\include\gl\freeglut_std.h(345): note: see previous definition of 'GLUT_CURSOR_WAIT'
c:\users\chris\documents\github\computergraphics\solar system\glut\include\gl\glut.h(459): warning C4005: 'GLUT_CURSOR_TEXT': macro redefinition
  c:\users\chris\documents\github\computergraphics\solar system\include\gl\freeglut_std.h(346): note: see previous definition of 'GLUT_CURSOR_TEXT'
c:\users\chris\documents\github\computergraphics\solar system\glut\include\gl\glut.h(460): warning C4005: 'GLUT_CURSOR_CROSSHAIR': macro redefinition
  c:\users\chris\documents\github\computergraphics\solar system\include\gl\freeglut_std.h(347): note: see previous definition of 'GLUT_CURSOR_CROSSHAIR'
c:\users\chris\documents\github\computergraphics\solar system\glut\include\gl\glut.h(462): warning C4005: 'GLUT_CURSOR_UP_DOWN': macro redefinition
  c:\users\chris\documents\github\computergraphics\solar system\include\gl\freeglut_std.h(348): note: see previous definition of 'GLUT_CURSOR_UP_DOWN'
c:\users\chris\documents\github\computergraphics\solar system\glut\include\gl\glut.h(463): warning C4005: 'GLUT_CURSOR_LEFT_RIGHT': macro redefinition
  c:\users\chris\documents\github\computergraphics\solar system\include\gl\freeglut_std.h(349): note: see previous definition of 'GLUT_CURSOR_LEFT_RIGHT'
c:\users\chris\documents\github\computergraphics\solar system\glut\include\gl\glut.h(465): warning C4005: 'GLUT_CURSOR_TOP_SIDE': macro redefinition
  c:\users\chris\documents\github\computergraphics\solar system\include\gl\freeglut_std.h(350): note: see previous definition of 'GLUT_CURSOR_TOP_SIDE'
c:\users\chris\documents\github\computergraphics\solar system\glut\include\gl\glut.h(466): warning C4005: 'GLUT_CURSOR_BOTTOM_SIDE': macro redefinition
  c:\users\chris\documents\github\computergraphics\solar system\include\gl\freeglut_std.h(351): note: see previous definition of 'GLUT_CURSOR_BOTTOM_SIDE'
c:\users\chris\documents\github\computergraphics\solar system\glut\include\gl\glut.h(467): warning C4005: 'GLUT_CURSOR_LEFT_SIDE': macro redefinition
  c:\users\chris\documents\github\computergraphics\solar system\include\gl\freeglut_std.h(352): note: see previous definition of 'GLUT_CURSOR_LEFT_SIDE'
c:\users\chris\documents\github\computergraphics\solar system\glut\include\gl\glut.h(468): warning C4005: 'GLUT_CURSOR_RIGHT_SIDE': macro redefinition
  c:\users\chris\documents\github\computergraphics\solar system\include\gl\freeglut_std.h(353): note: see previous definition of 'GLUT_CURSOR_RIGHT_SIDE'
c:\users\chris\documents\github\computergraphics\solar system\glut\include\gl\glut.h(469): warning C4005: 'GLUT_CURSOR_TOP_LEFT_CORNER': macro redefinition
  c:\users\chris\documents\github\computergraphics\solar system\include\gl\freeglut_std.h(354): note: see previous definition of 'GLUT_CURSOR_TOP_LEFT_CORNER'
c:\users\chris\documents\github\computergraphics\solar system\glut\include\gl\glut.h(470): warning C4005: 'GLUT_CURSOR_TOP_RIGHT_CORNER': macro redefinition
  c:\users\chris\documents\github\computergraphics\solar system\include\gl\freeglut_std.h(355): note: see previous definition of 'GLUT_CURSOR_TOP_RIGHT_CORNER'
c:\users\chris\documents\github\computergraphics\solar system\glut\include\gl\glut.h(471): warning C4005: 'GLUT_CURSOR_BOTTOM_RIGHT_CORNER': macro redefinition
  c:\users\chris\documents\github\computergraphics\solar system\include\gl\freeglut_std.h(356): note: see previous definition of 'GLUT_CURSOR_BOTTOM_RIGHT_CORNER'
c:\users\chris\documents\github\computergraphics\solar system\glut\include\gl\glut.h(472): warning C4005: 'GLUT_CURSOR_BOTTOM_LEFT_CORNER': macro redefinition
  c:\users\chris\documents\github\computergraphics\solar system\include\gl\freeglut_std.h(357): note: see previous definition of 'GLUT_CURSOR_BOTTOM_LEFT_CORNER'
c:\users\chris\documents\github\computergraphics\solar system\glut\include\gl\glut.h(474): warning C4005: 'GLUT_CURSOR_INHERIT': macro redefinition
  c:\users\chris\documents\github\computergraphics\solar system\include\gl\freeglut_std.h(358): note: see previous definition of 'GLUT_CURSOR_INHERIT'
c:\users\chris\documents\github\computergraphics\solar system\glut\include\gl\glut.h(476): warning C4005: 'GLUT_CURSOR_NONE': macro redefinition
  c:\users\chris\documents\github\computergraphics\solar system\include\gl\freeglut_std.h(359): note: see previous definition of 'GLUT_CURSOR_NONE'
c:\users\chris\documents\github\computergraphics\solar system\glut\include\gl\glut.h(478): warning C4005: 'GLUT_CURSOR_FULL_CROSSHAIR': macro redefinition
  c:\users\chris\documents\github\computergraphics\solar system\include\gl\freeglut_std.h(360): note: see previous definition of 'GLUT_CURSOR_FULL_CROSSHAIR'
c:\users\chris\documents\github\computergraphics\solar system\glut\include\gl\glut.h(482): error C2375: 'glutInit_ATEXIT_HACK': redefinition; different linkage
  c:\users\chris\documents\github\computergraphics\solar system\include\gl\freeglut_std.h(616): note: see declaration of 'glutInit_ATEXIT_HACK'
c:\users\chris\documents\github\computergraphics\solar system\glut\include\gl\glut.h(499): error C2375: 'glutCreateWindow_ATEXIT_HACK': redefinition; different linkage
  c:\users\chris\documents\github\computergraphics\solar system\include\gl\freeglut_std.h(618): note: see declaration of 'glutCreateWindow_ATEXIT_HACK'
c:\users\chris\documents\github\computergraphics\solar system\glut\include\gl\glut.h(545): error C2375: 'glutCreateMenu_ATEXIT_HACK': redefinition; different linkage
  c:\users\chris\documents\github\computergraphics\solar system\include\gl\freeglut_std.h(620): note: see declaration of 'glutCreateMenu_ATEXIT_HACK'
c:\users\chris\documents\github\computergraphics\solar system\glut\include\gl\glut.h(661): warning C4005: 'GLUT_KEY_REPEAT_OFF': macro redefinition
  c:\users\chris\documents\github\computergraphics\solar system\include\gl\freeglut_std.h(372): note: see previous definition of 'GLUT_KEY_REPEAT_OFF'
c:\users\chris\documents\github\computergraphics\solar system\glut\include\gl\glut.h(662): warning C4005: 'GLUT_KEY_REPEAT_ON': macro redefinition
  c:\users\chris\documents\github\computergraphics\solar system\include\gl\freeglut_std.h(373): note: see previous definition of 'GLUT_KEY_REPEAT_ON'
c:\users\chris\documents\github\computergraphics\solar system\glut\include\gl\glut.h(663): warning C4005: 'GLUT_KEY_REPEAT_DEFAULT': macro redefinition
  c:\users\chris\documents\github\computergraphics\solar system\include\gl\freeglut_std.h(374): note: see previous definition of 'GLUT_KEY_REPEAT_DEFAULT'
c:\users\chris\documents\github\computergraphics\solar system\glut\include\gl\glut.h(666): warning C4005: 'GLUT_JOYSTICK_BUTTON_A': macro redefinition
  c:\users\chris\documents\github\computergraphics\solar system\include\gl\freeglut_std.h(376): note: see previous definition of 'GLUT_JOYSTICK_BUTTON_A'
c:\users\chris\documents\github\computergraphics\solar system\glut\include\gl\glut.h(667): warning C4005: 'GLUT_JOYSTICK_BUTTON_B': macro redefinition
  c:\users\chris\documents\github\computergraphics\solar system\include\gl\freeglut_std.h(377): note: see previous definition of 'GLUT_JOYSTICK_BUTTON_B'
c:\users\chris\documents\github\computergraphics\solar system\glut\include\gl\glut.h(668): warning C4005: 'GLUT_JOYSTICK_BUTTON_C': macro redefinition
  c:\users\chris\documents\github\computergraphics\solar system\include\gl\freeglut_std.h(378): note: see previous definition of 'GLUT_JOYSTICK_BUTTON_C'
c:\users\chris\documents\github\computergraphics\solar system\glut\include\gl\glut.h(669): warning C4005: 'GLUT_JOYSTICK_BUTTON_D': macro redefinition
  c:\users\chris\documents\github\computergraphics\solar system\include\gl\freeglut_std.h(379): note: see previous definition of 'GLUT_JOYSTICK_BUTTON_D'
c:\users\chris\documents\github\computergraphics\solar system\glut\include\gl\glut.h(677): warning C4005: 'GLUT_GAME_MODE_ACTIVE': macro redefinition
  c:\users\chris\documents\github\computergraphics\solar system\include\gl\freeglut_std.h(384): note: see previous definition of 'GLUT_GAME_MODE_ACTIVE'
c:\users\chris\documents\github\computergraphics\solar system\glut\include\gl\glut.h(678): warning C4005: 'GLUT_GAME_MODE_POSSIBLE': macro redefinition
  c:\users\chris\documents\github\computergraphics\solar system\include\gl\freeglut_std.h(385): note: see previous definition of 'GLUT_GAME_MODE_POSSIBLE'
c:\users\chris\documents\github\computergraphics\solar system\glut\include\gl\glut.h(679): warning C4005: 'GLUT_GAME_MODE_WIDTH': macro redefinition
  c:\users\chris\documents\github\computergraphics\solar system\include\gl\freeglut_std.h(386): note: see previous definition of 'GLUT_GAME_MODE_WIDTH'
c:\users\chris\documents\github\computergraphics\solar system\glut\include\gl\glut.h(680): warning C4005: 'GLUT_GAME_MODE_HEIGHT': macro redefinition
  c:\users\chris\documents\github\computergraphics\solar system\include\gl\freeglut_std.h(387): note: see previous definition of 'GLUT_GAME_MODE_HEIGHT'
c:\users\chris\documents\github\computergraphics\solar system\glut\include\gl\glut.h(681): warning C4005: 'GLUT_GAME_MODE_PIXEL_DEPTH': macro redefinition
  c:\users\chris\documents\github\computergraphics\solar system\include\gl\freeglut_std.h(388): note: see previous definition of 'GLUT_GAME_MODE_PIXEL_DEPTH'
c:\users\chris\documents\github\computergraphics\solar system\glut\include\gl\glut.h(682): warning C4005: 'GLUT_GAME_MODE_REFRESH_RATE': macro redefinition
  c:\users\chris\documents\github\computergraphics\solar system\include\gl\freeglut_std.h(389): note: see previous definition of 'GLUT_GAME_MODE_REFRESH_RATE'
c:\users\chris\documents\github\computergraphics\solar system\glut\include\gl\glut.h(683): warning C4005: 'GLUT_GAME_MODE_DISPLAY_CHANGED': macro redefinition
  c:\users\chris\documents\github\computergraphics\solar system\include\gl\freeglut_std.h(390): note: see previous definition of 'GLUT_GAME_MODE_DISPLAY_CHANGED'
  Generating Code...
  Compiling...
  Planet.cpp
c:\users\chris\documents\github\computergraphics\solar system\002\planet.cpp(28): warning C4838: conversion from 'double' to 'GLfloat' requires a narrowing conversion
  Generating Code...
